<?xml version="1.0" encoding="UTF-8"?>
<!-- Generated by org.testng.reporters.JUnitReportReporter -->
<testsuite hostname="DESKTOP-LEKTSMN" failures="0" tests="1" name="week5.day2.EditLead" time="17.979" errors="0" timestamp="2025-01-05T11:58:01 IST" skipped="0">
  <testcase classname="week5.day2.EditLead" name="runEditLead" time="17.979"/>
  <system-out/>
</testsuite> <!-- week5.day2.EditLead -->
