<?xml version="1.0" encoding="UTF-8"?>
<!-- Generated by org.testng.reporters.JUnitReportReporter -->
<testsuite hostname="DESKTOP-LEKTSMN" failures="0" tests="1" name="week6.day1.EditLead" time="19.233" errors="0" timestamp="2025-01-12T11:46:19 IST" skipped="0">
  <testcase classname="week6.day1.EditLead" name="runEditLead" time="19.233"/>
</testsuite> <!-- week6.day1.EditLead -->
