<?xml version="1.0" encoding="UTF-8"?>
<!-- Generated by org.testng.reporters.JUnitReportReporter -->
<testsuite hostname="DESKTOP-LEKTSMN" failures="0" tests="1" name="week7.day2.testcases.TC_002_Leads" time="11.533" errors="0" timestamp="2025-01-25T10:58:04 IST" skipped="0">
  <testcase classname="week7.day2.testcases.TC_002_Leads" name="runLeads" time="11.533"/>
</testsuite> <!-- week7.day2.testcases.TC_002_Leads -->
