<?xml version="1.0" encoding="UTF-8"?>
<!-- Generated by org.testng.reporters.JUnitReportReporter -->
<testsuite hostname="DESKTOP-LEKTSMN" failures="0" tests="1" name="week5.day2.LearnDropdown" time="18.332" errors="0" timestamp="2025-01-05T10:57:24 IST" skipped="0">
  <testcase classname="week5.day2.LearnDropdown" name="runCreateLead" time="18.332"/>
  <system-out/>
</testsuite> <!-- week5.day2.LearnDropdown -->
