<?xml version="1.0" encoding="UTF-8"?>
<!-- Generated by org.testng.reporters.JUnitReportReporter -->
<testsuite hostname="DESKTOP-LEKTSMN" failures="0" tests="1" name="week5.day2.DeleteLead" time="21.444" errors="0" timestamp="2025-01-05T12:19:17 IST" skipped="0">
  <testcase classname="week5.day2.DeleteLead" name="runDeleteLead" time="21.444"/>
  <system-out/>
</testsuite> <!-- week5.day2.DeleteLead -->
