<?xml version="1.0" encoding="UTF-8"?>
<!-- Generated by org.testng.reporters.JUnitReportReporter -->
<testsuite hostname="DESKTOP-LEKTSMN" failures="0" tests="1" name="week5.day2.CreateLead" time="19.666" errors="0" timestamp="2025-01-05T12:19:17 IST" skipped="0">
  <testcase classname="week5.day2.CreateLead" name="runCreateLead" time="19.666"/>
  <system-out/>
</testsuite> <!-- week5.day2.CreateLead -->
