<?xml version="1.0" encoding="UTF-8"?>
<!-- Generated by org.testng.reporters.JUnitReportReporter -->
<testsuite hostname="DESKTOP-LEKTSMN" failures="0" tests="3" name="week6.day1.CreateLead" time="42.478" errors="0" timestamp="2025-01-12T11:46:19 IST" skipped="0">
  <testcase classname="week6.day1.CreateLead" name="runCreateLead" time="15.654"/>
  <testcase classname="week6.day1.CreateLead" name="runCreateLead" time="13.230"/>
  <testcase classname="week6.day1.CreateLead" name="runCreateLead" time="13.594"/>
</testsuite> <!-- week6.day1.CreateLead -->
