<?xml version="1.0" encoding="UTF-8"?>
<!-- Generated by org.testng.reporters.JUnitReportReporter -->
<testsuite hostname="DESKTOP-LEKTSMN" failures="0" tests="3" name="week6.day1.LearnTestNGAnnotator" time="0.018" errors="0" timestamp="2025-01-11T12:09:54 IST" skipped="0">
  <testcase classname="week6.day1.LearnTestNGAnnotator" name="testB" time="0.004"/>
  <testcase classname="week6.day1.LearnTestNGAnnotator" name="testA" time="0.011"/>
  <testcase classname="week6.day1.LearnTestNGAnnotator" name="testB" time="0.003"/>
</testsuite> <!-- week6.day1.LearnTestNGAnnotator -->
