<?xml version="1.0" encoding="UTF-8"?>
<!-- Generated by org.testng.reporters.JUnitReportReporter -->
<testsuite hostname="DESKTOP-LEKTSMN" failures="0" tests="1" name="week7.day2.testcases.TC_001_Login" time="12.817" errors="0" timestamp="2025-01-19T12:38:55 IST" skipped="0">
  <testcase classname="week7.day2.testcases.TC_001_Login" name="login" time="12.817"/>
</testsuite> <!-- week7.day2.testcases.TC_001_Login -->
