<?xml version="1.0" encoding="UTF-8"?>
<!-- Generated by org.testng.reporters.JUnitReportReporter -->
<testsuite hostname="DESKTOP-LEKTSMN" failures="0" tests="3" name="runner.CucumberRunner" time="70.778" errors="0" timestamp="2025-01-19T11:23:58 IST" skipped="0">
  <testcase classname="runner.CucumberRunner" name="runScenario" time="27.174"/>
  <testcase classname="runner.CucumberRunner" name="runScenario" time="22.186"/>
  <testcase classname="runner.CucumberRunner" name="runScenario" time="21.418"/>
</testsuite> <!-- runner.CucumberRunner -->
